3 213 74 236
3 271 184 118
2 212 105
2 11 117
4 282 21 44 280
3 33 43 235
3 258 60 55
3 141 125 46
2 285 124
3 131 37 40
3 185 239 24
4 245 107 71 268
2 181 194
2 10 129
3 42 165 17
3 49 142 144
2 83 90
3 89 62 9
3 293 133 86
3 259 296 51
3 96 201 122
4 223 277 225 187
3 226 294 210
3 48 260 230
3 116 13 163
3 16 256 217
3 114 152 7
3 54 250 246
3 257 15 77
3 243 113 231
3 155 145 222
2 138 29
3 63 218 291
2 287 283
3 47 3 270
3 151 252 166
3 112 18 274
2 197 134
3 219 121 31
2 1 26
2 179 174
3 298 233 182
3 102 70 199
4 12 207 238 253
3 205 177 220
3 276 196 109
3 178 27 198
3 180 39 56
4 126 161 202 84
4 150 237 176 100
3 111 148 279
3 143 92 130
3 25 101 6
3 162 261 183
3 297 273 175
2 88 278
2 135 120
3 295 214 173
3 249 209 263
2 216 149
3 204 75 93
4 242 154 5 38
3 80 146 191
3 94 59 186
3 106 50 128
2 264 103
3 57 91 195
2 247 189
3 156 98 158
2 289 139
4 119 170 171 53
2 284 192
2 292 30
3 232 140 153
3 2 136 267
3 85 224 22
3 188 87 255
3 32 69 115
2 190 157
3 288 95 66
4 159 19 78 200
4 265 0 160 254
3 20 206 52
3 97 228 64
3 262 127 45
2 244 82
3 23 123 251
3 81 35 240
2 73 58
3 137 14 172
2 104 61
2 41 193
2 68 266
3 28 281 147
4 221 290 227 211
2 169 248
4 203 272 132 229
2 275 215
3 269 67 76
3 241 208 79
