47 3729 1245 6295 4225 8620 4087 6281 1916 3224 390 2865 8941 7513 2355 4577 9324 8542 5733 8733 6655 7133 7091 8780 7158 3632 8976 9465 5085 2453 9102 4275 6076 8437 9752 2533 4144 6209 8310 8067 7112 4205 4283 6447 5582 170 1045 818
47 5071 5850 9463 6569 6123 2402 3187 4209 9 4799 570 8909 4332 5403 9923 7453 7873 6545 517 580 8039 7142 6338 2468 3399 7687 9903 7243 4863 4443 5219 1019 8724 3333 8544 5933 522 3100 190 7710 8335 2326 8589 4752 7488 1897 4166
46 9128 9068 4811 5026 6861 1392 6108 5244 9996 4220 9983 8372 6865 9393 1526 1123 4460 6621 229 3396 5438 1063 2948 3153 455 8588 8338 3583 6369 5499 1426 3932 2412 6742 2879 6934 4945 47 1202 6396 4608 4506 7356 5255 477 7577
45 6492 6727 5684 6582 9322 4831 7779 330 1148 3812 5628 6775 5835 360 8911 4573 6016 4059 4645 4319 3736 5512 209 7752 3506 4079 6099 3201 8779 7110 6753 7961 7840 7324 3500 7739 6667 7139 1133 4083 1783 9145 7357 2861 3560
50 5961 3248 6228 2911 7477 167 3522 5103 9620 7952 7203 990 826 861 5739 3385 6073 1225 880 3273 1209 7239 6022 2435 5135 7418 5929 5365 8689 568 8200 647 3624 9094 3828 7249 7401 1210 2219 7742 1896 9631 6285 6556 9095 7095 1468 9425 1717 1314
49 4495 2895 5696 1441 6143 2478 6233 3562 8106 7727 4640 6406 1907 7979 8564 3228 366 2585 2790 7716 2985 7108 8774 597 588 5091 5475 5158 915 63 8374 8491 5974 2228 5637 5396 6046 5802 8192 7855 438 9924 7246 8829 5359 6869 4516 776 8182
49 3050 346 6498 9391 9365 6931 6109 6200 6982 4679 5506 1304 1516 6664 8293 7419 5643 592 9926 7323 6467 8956 874 1458 6152 9454 1043 6900 8952 7162 774 1558 1664 9289 8125 5698 2732 6226 4610 9870 3087 888 882 1382 4361 2135 4416 903 7114
45 1248 2470 3490 7943 7706 7000 4376 8429 2039 3028 8922 1960 7936 8665 108 1109 5807 9493 1021 347 3618 504 5421 4531 4387 5474 8520 5934 2978 9913 1552 4521 8704 427 5111 7059 4914 9942 7776 2343 6114 6523 4293 7870 3614
43 6074 67 2434 4930 5633 6263 6845 8850 821 2621 5978 4736 7018 7579 6240 7261 5265 98 436 4135 962 275 4154 9484 4362 1412 6021 6387 4126 2080 7615 9119 9349 4473 6877 5334 3767 1074 8013 4713 9114 8285 3853
45 2499 1455 3887 9000 6260 8423 7130 8383 1541 9268 4342 2416 3119 2849 6293 4992 8487 7382 7352 4782 259 3162 5157 6296 2411 9980 6846 585 7010 7815 6986 4187 1549 4237 4186 4564 4253 5629 5032 7847 2185 364 2875 5428 9427
44 8552 8386 3131 521 7067 6796 3765 8687 1620 1229 5616 300 2718 449 4301 3027 8032 7082 7913 8944 2089 7396 8253 2568 7614 9726 7991 5772 9139 5820 7098 7970 7828 2243 5954 7996 8493 1251 1134 5229 4304 4231 4063 9260
46 9855 3099 906 5568 2817 7011 2197 9041 7737 6163 3857 435 1971 1681 3063 5451 9002 4855 5079 3025 567 6381 2111 4155 4787 1626 9805 5763 2931 1317 1256 5896 5667 8360 9557 130 6988 9357 213 3260 3734 6265 1944 3307 8238 340
47 2650 9460 8978 6261 6411 6212 9381 7896 6519 3581 1031 7538 6724 2892 4918 9051 2870 1066 8617 361 4151 1895 2258 9494 2173 9611 2486 9594 5127 9437 6857 5918 7465 2002 771 5874 412 5588 9370 2897 5903 3660 8143 8323 4235 7454 4051
45 534 5467 8812 6093 4287 4635 8602 6066 8266 7346 4588 3643 9914 7924 2996 3497 2845 2281 7041 9698 4383 6600 3064 9725 9685 4469 3163 5989 4457 1487 3066 2835 5329 1781 126 9043 7263 434 3133 5461 3858 1502 1050 3193 2662
48 6719 6167 1231 4909 6035 5123 8419 9890 8830 8126 468 4200 9577 6731 1612 7778 8146 9239 1948 4687 5970 8551 5480 2019 9770 8273 1262 8488 4453 1268 8465 1851 2433 2214 6521 4310 8353 9018 4158 5194 2147 5766 6647 6864 6757 6339 2053 4415
47 9132 9948 7051 5148 2241 5973 7452 914 1759 4502 394 5346 5469 6294 816 3897 5272 2761 290 8029 2291 6823 7972 2529 102 3251 8098 7906 4159 1278 354 3604 1903 3453 1528 266 2637 7240 9024 4826 5529 2525 6188 6101 5932 9721 8940
49 2980 5429 1461 4017 9155 6142 9969 2649 5223 760 7224 7765 7597 6244 1745 8409 6784 8362 8135 11 3758 8119 7821 2084 5153 2354 3332 2231 2958 1987 292 2683 7445 6807 4972 7220 6984 3298 3961 5184 8948 1714 2295 6592 3372 8161 1691 5392 6222
44 6985 1026 1219 651 6102 7954 419 8798 7360 4742 5445 3139 3434 6551 1035 6563 2904 4993 1198 8112 4525 2132 7303 1967 8645 2410 925 745 5694 2081 4526 194 6884 8793 9474 1079 3573 7667 4247 824 9476 30 5859 8162
46 3451 6071 9004 8107 9175 8477 1823 6277 3121 6390 1318 7181 993 960 5745 9935 4465 4629 5106 6426 2854 670 4853 5401 9318 2051 5357 9237 2340 3318 3841 4031 1914 5727 1966 8863 6663 7390 8988 8886 4250 4861 9938 5712 8682 8503
48 8767 7715 7911 4242 4466 3585 9123 5599 8832 8196 2647 2073 1609 9716 2133 1290 9300 3221 6138 7607 2242 7141 5757 5871 7247 8212 7613 6453 8498 7025 2610 8639 9183 2779 5611 5639 8960 8475 4988 7345 7182 368 5890 5235 7314 3319 511 3425
45 8925 2788 2307 3852 155 6644 9987 1635 7200 8669 6473 7355 4900 5789 3694 5470 4007 8958 316 8431 3718 3352 3873 3530 4157 6092 4435 3289 2825 2827 3901 2813 3511 5979 1912 7770 7518 7818 7032 1554 4352 9815 1929 1773 1311
46 6485 1610 5246 8697 5300 3727 9218 5968 6883 6994 7784 1054 398 747 4270 6364 4380 5583 714 6214 4766 9246 737 3334 7116 6548 3494 2077 5946 2770 7528 9813 5092 3860 6860 65 3395 7193 6516 9464 4620 8316 8756 9947 3649 7126
48 4426 3210 4585 7762 8171 3744 8906 2715 3792 1006 2253 7178 4514 4015 180 4668 1934 311 1111 5515 9205 141 5156 6166 9498 9069 7509 5491 7039 6715 2367 5287 4758 8651 3246 7529 3930 9900 8627 8400 4694 2329 7199 1831 6250 1801 6242 8086
47 7725 5670 3062 2741 2891 1291 338 2013 284 5821 9614 5126 8532 8696 702 7138 447 9201 3855 2394 4689 7185 7013 7015 3875 4774 2441 2510 762 7157 4601 838 759 9057 8046 5007 9507 3069 561 6356 2167 3200 7117 2733 5665 3584 5596
50 5650 9636 5837 6186 2155 9798 7078 5104 7967 2532 3366 3677 9173 9887 9743 7928 7388 3161 6334 8836 1930 1770 869 981 1873 1924 5321 2306 5765 5523 6656 4539 4125 3993 4295 3688 7768 7336 8080 7825 3963 2556 1363 806 1044 9490 4657 9329 1270 463
47 539 7902 4981 5716 7278 4400 9724 8021 9704 2106 4906 2919 6767 2906 4681 5044 6995 3565 6184 9508 8604 4328 2970 6716 9921 5950 4175 1194 7723 6221 9993 291 4770 6515 8265 5205 9061 3394 5617 4189 9207 1969 5632 5149 5578 4955 952
47 4162 8529 1312 3164 8575 1249 7254 6158 5399 2652 527 9867 50 9741 7931 2773 9450 8233 4098 6891 921 6113 1586 4994 8349 4411 7708 5418 600 293 6043 5640 9585 601 7425 3882 313 6278 7721 1871 5159 7087 5681 1538 5413 1493 4621
46 8234 9615 9135 8003 7499 5472 6579 1158 5799 3226 8271 6801 8251 1076 1482 7827 525 5524 147 8901 3102 7020 6025 9693 6615 3168 1883 3514 5925 7823 6134 1479 5738 1377 6327 4707 8702 7332 8749 8111 9117 7176 8426 6055 2878 5605
50 2128 926 3509 9199 6436 3503 7669 4442 3546 8232 997 7146 537 4934 5594 4551 5247 1905 656 7379 8804 8993 3567 4669 3594 3284 9097 5308 9321 8565 9601 6193 4042 4750 4862 7530 1511 2192 4455 879 3703 6120 5715 4382 9970 8621 238 942 8350 3106
46 1117 3793 7329 8363 3692 923 1030 3440 6826 1836 4575 9818 437 8094 2974 443 7331 234 4832 8934 3908 9849 6363 8023 9478 634 7213 3653 1283 4677 2050 133 5869 6559 8097 5046 2594 9563 6759 1767 7069 4788 3595 6031 7853 3638
49 7756 6755 8817 5439 1345 240 5065 87 5376 5781 5833 1028 4078 1606 7600 1042 894 227 9625 7 3848 1877 8979 6766 1463 215 8249 1830 8949 2944 3145 1466 1034 9845 9674 2419 7560 4985 9936 5063 8504 7211 2059 8050 6916 3764 1269 5422 440
43 6121 5186 6751 3012 710 3869 4229 6300 967 8720 9017 9543 7409 3426 1608 1139 7210 8862 7469 9096 5330 851 4638 8240 5847 8042 307 3835 6375 8256 4257 9787 2028 8954 31 9654 8078 5296 1352 2211 9613 4566 3759
50 5941 2836 6393 7780 6761 4335 9035 470 2296 4026 1027 1422 1757 4966 4094 4785 2011 4217 3886 2108 7790 5297 4892 7501 5518 697 5 7002 6431 2963 2123 5057 4968 9847 7447 401 9442 2805 725 7674 7604 505 8027 6421 3178 7060 718 4597 6825 7385
48 7431 2664 1555 7617 9032 945 4871 2947 8201 9461 2000 2274 2933 358 185 1553 2104 1810 6689 8785 1949 2261 4433 1059 9190 3342 1703 359 5626 7934 549 7566 6920 1405 1806 6525 5283 6657 6428 1943 9897 3315 6254 4574 2523 8432 6702 856
49 7068 1381 1284 1 2213 6577 9106 7692 4398 1537 8605 20 2712 9803 3225 4987 4603 5992 6045 758 9617 6386 363 4711 9779 8339 1572 1193 7553 7743 7655 6183 4115 1368 3548 489 137 8646 5942 795 8237 1086 9538 6620 1023 6997 2629 5706 9675
48 280 6057 663 5352 9005 8526 9301 1077 7554 2042 3019 3065 6897 999 6040 4176 5337 793 4816 4911 6401 1711 6895 3878 8983 5028 5509 7782 4266 2784 9532 5414 3851 1839 4286 7215 3912 387 3686 5801 132 581 514 9806 4170 2496 7657 1998
46 2386 4375 2175 574 7766 3243 3083 5078 6321 7498 5615 7507 7862 8274 2240 6324 7569 16 4248 6478 9661 9148 8528 6804 1258 8460 2841 4033 9248 9216 8470 633 465 2283 6610 9628 1459 7757 8286 7711 2991 6827 3023 4795 924 1970
46 7270 6630 7154 4393 2176 7283 8163 9291 3082 2456 8220 1816 4505 5370 4951 9022 1945 3159 44 2554 8250 6394 9488 4590 1159 9928 3980 1017 7298 2926 3631 992 9397 9541 4937 3231 8618 1508 8026 7228 5769 8199 8051 2172 2448 3090
48 89 9607 7813 5193 8230 9727 8867 9344 49 96 9269 3880 6075 210 6639 1157 625 6629 1861 8559 5275 3134 6448 3748 3073 4716 5293 4436 7451 3720 8463 1662 5655 4358 8659 4138 4267 4058 907 5910 1920 1118 4773 4802 8531 1001 6358 1213
45 996 2824 1247 8521 9274 8404 3815 2516 3856 9964 3429 3117 4360 4182 6720 4456 5261 516 2604 2303 3710 4038 8259 7055 610 4524 6429 8962 4215 5185 2776 9462 8657 2798 4895 476 895 4202 9174 8655 8002 5693 6671 5549 9251
47 4424 696 3534 975 1360 1137 4479 6402 8288 1435 2561 1404 524 8936 6333 1940 6383 6290 4076 6567 8616 6297 5782 2082 1576 5037 1414 6960 5558 6867 4890 5004 6910 2029 8938 3280 2777 6454 4611 1639 4986 2614 680 2640 983 5756 3
51 9547 175 7745 9420 1156 8403 1695 8681 3094 8710 314 9941 8541 8130 1784 5233 8222 9717 484 4213 6181 854 1165 2131 7649 8999 8229 1293 9429 9517 9731 8322 3817 8133 8991 5280 1563 7900 6180 7933 4708 6820 2259 1064 7888 5356 4203 9306 3818 2747 4961
51 8075 1591 4271 4075 8874 1495 7099 4196 1013 247 2345 8626 8773 6697 421 2811 2688 1615 6060 8845 8731 8896 6094 8159 637 8957 7128 8061 4697 8666 959 5362 8828 6776 2428 9998 1316 3058 4169 8897 2943 4462 2705 2442 3791 169 2616 4385 7618 5479 5175
46 6695 852 101 8375 8079 3681 4381 9386 2476 2923 5256 3917 3002 4781 5585 4859 6320 424 6409 5983 5997 1515 4402 2826 3891 8276 9278 4140 4218 6407 7205 2787 4256 3229 9795 1112 1185 8870 769 4195 3693 8297 7227 3262 8747 1547
46 4060 6264 4522 8102 303 7251 4771 6141 7606 7937 8579 5620 6787 8814 2709 3442 1319 9526 3384 1418 2670 7842 6310 393 4512 8523 1287 2557 4956 9934 9879 7894 5405 8270 1099 7856 3241 9842 411 5310 4210 2016 3199 794 8123 7347
44 3183 9223 4370 2750 8560 4899 2404 976 3834 1125 2857 8287 4489 2774 4969 116 2896 5685 545 5886 4131 1692 8831 339 1729 7195 958 4179 2886 2710 7532 120 6661 9451 5901 8596 9122 9433 5409 7217 8668 3566 3211 6380
45 732 7830 9542 933 4509 7974 4351 8473 3872 897 6009 9582 3132 3702 2544 508 1707 7576 1981 6898 7070 8283 9257 5288 5530 3336 849 3127 3658 400 2064 5904 2489 8410 3796 6587 8241 8511 1241 2945 5048 6041 1203 9279 7429
49 790 5034 5442 4005 2636 3701 9072 6438 2324 2290 1183 2586 7338 196 4045 3435 4602 2979 7801 9581 8530 6969 1222 2272 4692 1140 9777 7305 1095 5876 7732 9403 6346 8683 855 7542 8644 1819 9444 7632 8969 6162 5109 9053 934 9328 3259 15 5202
48 7165 5440 7319 399 5189 2576 3437 6080 4858 1568 2916 2280 8331 5298 1022 1918 4921 575 3377 5050 7556 2083 1375 2764 7512 5407 681 3508 873 7720 3303 267 8028 9878 6039 61 3055 9824 7208 7515 9618 6273 1628 764 1152 3544 8462 1536
49 1227 572 565 6972 3196 5736 4631 4996 6064 3173 9667 4641 5125 7796 7893 5203 6643 2333 5231 5839 6756 276 2096 6104 2260 7444 6858 2580 8255 3408 4755 1453 156 2990 9467 8742 8869 1136 9073 7941 642 5486 9430 7063 2049 8524 9359 641 6202
49 8224 5798 423 5947 3556 1073 4821 9193 7694 3311 2794 8342 8366 7121 6899 299 4761 7909 5215 3491 3850 6248 828 8513 7354 2829 1919 8489 7651 9760 9713 3611 593 9084 3254 4273 2877 9886 1224 8105 5097 9825 3309 1015 3108 9609 2591 8295 9902
44 2359 232 3742 9453 631 5497 1634 1629 8388 4872 7505 3203 7046 6607 4924 4842 7574 2850 1447 8573 7308 706 7547 2581 136 881 5815 2161 7609 5953 4902 5526 4062 9645 2571 4190 5550 5270 2227 6698 6918 7637 3661 7788
46 6893 9435 261 6378 4820 9165 9192 9121 7660 8569 916 3715 2058 5737 5132 4181 7340 4880 2984 6081 2762 1676 9428 4847 5295 5945 2458 3415 4450 2960 5895 2727 2194 4359 9659 189 7611 9379 9943 2951 3360 6783 4576 2362 1187 3889
47 4194 4274 1953 2088 9466 7747 1546 731 4212 6813 3464 6033 7670 179 9521 6790 9380 6950 2074 4413 694 3599 2659 2067 7375 5994 1500 4391 8081 1483 9739 8381 4123 4486 5209 4935 9567 154 3287 1821 1220 7581 2972 9052 5527 6218 3402
45 9288 4661 8805 6789 6830 7258 4672 6379 6814 5333 2760 4307 9706 2035 3386 7624 9888 107 8914 5959 800 2206 5630 7539 3956 2912 3754 6175 426 4856 3320 4406 408 1726 9456 5483 1385 7204 111 7998 6464 9764 1746 3564 2
50 9663 3041 6077 9689 4476 940 1460 5192 5598 3346 7844 9011 2863 740 3895 9799 8802 9599 5679 7677 7009 5198 8833 9637 2127 3616 3587 624 3672 7405 5584 4412 7191 9696 1888 5363 2730 1828 6837 6741 4867 4815 4808 2466 7040 7731 8211 8935 9555 7045
48 7534 7771 7297 8716 4396 9253 2611 199 863 7462 5531 1887 2071 9719 6514 9768 258 5447 2024 7374 4905 6037 842 3488 6357 2026 7049 6458 7946 1062 7926 1848 955 2809 2678 6112 2105 756 6038 6802 8926 6342 829 6560 6585 7189 2766 2021
48 9366 6119 6365 5207 1954 7030 595 7675 165 8584 7763 3797 6398 1829 6806 9208 8218 8096 6590 8012 3673 7629 2254 3547 1975 144 8913 661 6692 8008 4964 2720 143 166 3075 7074 1038 4877 6998 8679 6605 3111 5672 1274 4654 6452 3864 9641
46 5826 9407 1170 5572 4255 779 3261 8599 9115 4839 8174 3719 2314 9374 8550 7378 4805 6187 9808 4103 576 8205 2509 8943 3355 1642 8545 4268 8769 2981 2656 7186 8145 8015 2461 2707 471 3484 9134 6842 2102 6274 233 328 3057 5548
47 2090 4130 4622 4198 5426 640 8408 9967 2447 3794 7266 243 9968 9771 8721 6003 4980 5749 970 9953 3669 550 6578 4323 9089 6708 582 736 4594 8341 4511 3001 162 8726 6675 7294 7102 356 3634 2309 7455 9759 3447 6701 7836 8737 6732
46 2116 3778 4118 2070 1211 2405 3838 2969 1775 6117 8077 727 7269 6622 9108 3749 503 4339 2964 3325 4327 6048 6738 3021 9740 249 1825 7947 8221 3475 7372 2530 2395 2363 6586 3687 8054 464 3724 5371 4281 9025 9647 3428 791 3045
49 6704 5609 1982 1091 6530 7014 9518 7481 6251 2542 4995 9622 5580 1081 4698 9472 2003 9184 4014 1909 7586 6245 2803 3469 4738 982 6234 2483 2377 7960 3527 973 3130 8041 5094 1011 7267 277 1894 4666 4850 1200 4016 9326 7551 8169 9880 5259 1910
46 743 9099 1105 7235 9213 814 5155 3067 3479 7024 7083 1521 7953 9837 8043 4548 2477 1876 6124 7238 5326 9468 5644 8294 8882 7500 5944 5893 1279 8261 5595 8033 7212 4804 1731 586 5087 2504 2830 5972 5338 1674 3868 1614 587 3946
46 787 4372 2925 1523 2578 7389 1010 8298 7383 3141 1583 1632 2757 6811 7749 246 3582 3296 8690 3645 6817 819 2001 1216 5600 2702 8048 1621 377 367 9550 2942 2676 6922 5145 149 4022 9409 9593 6968 6875 1294 8583 9578 9138 6177
45 9200 370 8100 2492 9780 9548 3276 7066 2940 4568 9299 5603 8803 5239 7291 413 3194 5344 1478 7031 5919 1736 8180 302 8647 7420 8955 3051 4289 9111 887 6424 2982 5977 4262 3167 2008 4851 4282 9992 6190 643 7321 6023 8753
46 3404 2686 6896 336 9307 8900 3884 5754 3214 1342 7817 3129 7775 3176 2099 7523 2207 9788 2752 9001 3335 1668 2018 3232 9763 1792 5748 7656 1309 4254 913 9232 1051 5601 6309 2140 172 939 3943 7785 7460 4311 936 9626 7945 9258
45 1413 78 8505 2431 9203 9452 8500 5025 2006 5814 9852 6699 4775 6012 4041 3714 9690 7697 4532 1567 6450 9337 7268 9910 3934 4547 1355 2866 6058 6444 176 3640 2708 4667 9211 5171 9079 3540 3417 617 8358 2922 8269 2368 2036
46 3339 3830 1794 3060 2150 6371 1798 335 6010 1396 654 5913 2998 2955 5534 7395 8499 3533 9646 9600 4915 9256 3807 3098 721 70 7886 2153 1667 2200 6403 5851 4546 2838 6788 8479 7713 9804 1589 6797 8965 8494 8014 7724 8001 2151
47 5353 4656 1114 8844 2959 7973 9954 8254 6847 9681 6923 9071 8176 5960 5000 4461 2847 2284 9856 38 6144 9170 193 4891 5912 6749 7668 7007 6145 2022 9589 5360 2491 7088 7466 8132 1579 1177 783 8851 2121 357 8215 8020 9302 2137 6098
47 5502 2244 3545 2048 9040 8053 7446 1625 7411 3871 2638 563 7899 1411 5230 6735 977 1565 9194 269 9828 609 6199 3760 1972 9673 9504 5068 1776 6844 9624 4705 552 3014 2595 5114 2494 8578 6581 8382 6361 3363 7917 3536 1689 985 2380
47 1533 134 3407 8011 6373 8394 4883 4970 3849 8674 9758 3003 8214 458 4700 8972 5636 5688 3476 6542 937 8258 7105 1366 9055 5868 6237 1402 8167 5484 9670 8344 7786 2148 6164 5949 6465 4425 1673 7003 4513 3541 5262 5343 1075 2372 8658
46 4276 5840 5443 41 248 2191 6230 1601 583 980 6337 2417 8512 8049 9204 755 6743 8370 4931 6496 479 1315 7153 2338 1477 2369 523 3654 9373 9285 3353 2840 9103 7348 4613 3553 2725 4704 201 2888 253 4454 2095 53 8717 1737
46 2880 7135 3726 7479 1886 9686 2336 9059 4943 2421 7522 6494 1600 5284 8792 1860 2625 7733 3124 2690 9358 6936 1393 3774 1809 3034 3227 256 7672 2691 548 1153 6439 3883 2651 4828 3969 4269 1374 3403 4070 1337 6288 478 9282 8443
50 1694 1379 418 3757 2199 4299 4009 5753 6385 9107 3741 9363 4948 2822 4823 1399 6841 6135 1738 7223 6311 3816 2739 5999 2165 8452 1000 778 1818 9214 3297 6090 4032 2249 1020 8121 7592 1326 8752 2484 3207 5358 55 5669 3698 5162 5627 2736 241 5240
48 6151 5986 2215 9835 1147 6686 8507 3452 4529 3017 1631 7543 9869 7100 4714 6210 8329 1434 5726 4600 3578 2180 6808 3206 3382 891 6835 6703 1747 1785 3091 5324 3984 1964 9050 286 2463 1899 2222 6408 8129 9793 2884 1935 4344 9868 7525 2682
45 4919 8590 9957 206 8787 8324 3031 5455 7583 6583 8010 4876 308 1371 7244 1065 3436 720 9186 3103 3900 8866 4533 3022 4452 1476 4515 202 9730 6765 3253 6882 6571 542 3052 8103 5915 8481 2685 5917 5668 3267 2921 8611 9520
50 2198 4731 3190 8425 9033 635 4298 9281 9519 1048 1574 8343 8864 9338 3821 376 5936 9064 4034 4963 1101 3822 7129 7793 2987 636 3275 7679 1195 5591 7236 8187 403 4894 1799 1843 8518 99 5883 2310 3806 481 544 3798 5216 3721 1898 420 5190 9975
48 8536 4818 4733 5003 630 5314 2550 7846 5880 2717 8009 4797 7197 8257 9511 2308 5773 6540 9546 4596 6316 2157 2271 9528 4754 1741 6747 250 686 4897 7366 8433 5920 4879 114 8656 5648 488 1354 1421 9718 2639 5914 8771 8424 2711 1535 1706
47 1372 9829 8497 4258 422 5444 5728 353 699 6213 128 2007 8884 7795 467 12 2030 5136 2443 5818 4913 1867 5538 7787 6976 3664 7391 5496 1743 2225 9167 6400 4403 4322 7704 3345 9479 7368 9595 8384 9286 5857 4445 538 9700 9356 9098
47 8624 9502 3787 4784 7093 7963 3949 1199 3722 6993 4172 3904 667 2535 4889 6392 1705 7156 798 3474 9448 2164 8527 2885 3974 9400 4722 7028 3264 9233 6646 5227 6286 9640 138 4927 608 1266 8444 4893 1952 8247 8758 9746 3935 1303 9844
48 4326 8671 6470 9189 1590 85 9978 2449 7148 4637 5082 1281 1214 4928 9345 5607 1003 4812 2934 2178 2277 3559 9789 2771 6557 5463 8435 2208 1993 7735 3612 6634 5759 2626 8296 2967 4609 8450 678 5704 6013 5374 6815 342 9509 3602 1475 8508
